2024-03-05T18:11:13.812+01:00  INFO 17464 --- [main] c.j.c.s.c.impl.ConsoleMenuImplTest       : Starting ConsoleMenuImplTest using Java 17.0.10 with PID 17464 (started by giorg in C:\Users\giorg\IdeaProjects\schoolspring\schoolspring)
2024-03-05T18:11:13.818+01:00  INFO 17464 --- [main] c.j.c.s.c.impl.ConsoleMenuImplTest       : The following 1 profile is active: "test"
2024-03-05T18:11:14.377+01:00  INFO 17464 --- [main] c.j.c.s.c.impl.ConsoleMenuImplTest       : Started ConsoleMenuImplTest in 1.077 seconds (process running for 4.23)
2024-03-05T18:50:41.445+01:00  INFO 21648 --- [main] c.j.c.s.c.impl.ConsoleMenuImplTest       : Starting ConsoleMenuImplTest using Java 17.0.10 with PID 21648 (started by giorg in C:\Users\giorg\IdeaProjects\schoolspring\schoolspring)
2024-03-05T18:50:41.449+01:00  INFO 21648 --- [main] c.j.c.s.c.impl.ConsoleMenuImplTest       : The following 1 profile is active: "test"
2024-03-05T18:50:42.093+01:00  INFO 21648 --- [main] c.j.c.s.c.impl.ConsoleMenuImplTest       : Started ConsoleMenuImplTest in 1.059 seconds (process running for 4.13)
2024-03-05T18:51:18.206+01:00  INFO 18676 --- [main] c.j.c.s.c.impl.ConsoleMenuImplTest       : Starting ConsoleMenuImplTest using Java 17.0.10 with PID 18676 (started by giorg in C:\Users\giorg\IdeaProjects\schoolspring\schoolspring)
2024-03-05T18:51:18.208+01:00  INFO 18676 --- [main] c.j.c.s.c.impl.ConsoleMenuImplTest       : The following 1 profile is active: "test"
2024-03-05T18:51:18.861+01:00  INFO 18676 --- [main] c.j.c.s.c.impl.ConsoleMenuImplTest       : Started ConsoleMenuImplTest in 1.115 seconds (process running for 3.783)
2024-03-05T18:54:39.604+01:00  INFO 23320 --- [main] c.j.c.s.c.impl.ConsoleMenuImplTest       : Starting ConsoleMenuImplTest using Java 17.0.10 with PID 23320 (started by giorg in C:\Users\giorg\IdeaProjects\schoolspring\schoolspring)
2024-03-05T18:54:39.608+01:00  INFO 23320 --- [main] c.j.c.s.c.impl.ConsoleMenuImplTest       : The following 1 profile is active: "test"
2024-03-05T18:54:40.166+01:00  INFO 23320 --- [main] c.j.c.s.c.impl.ConsoleMenuImplTest       : Started ConsoleMenuImplTest in 0.962 seconds (process running for 3.778)
2024-03-06T18:07:44.410+01:00  INFO 15104 --- [main] c.j.c.s.c.impl.ConsoleMenuImplTest       : Starting ConsoleMenuImplTest using Java 17.0.10 with PID 15104 (started by giorg in C:\Users\giorg\IdeaProjects\schoolspring\schoolspring)
2024-03-06T18:07:44.415+01:00  INFO 15104 --- [main] c.j.c.s.c.impl.ConsoleMenuImplTest       : The following 1 profile is active: "test"
2024-03-06T18:07:44.812+01:00  INFO 15104 --- [main] c.j.c.s.c.impl.ConsoleMenuImplTest       : Started ConsoleMenuImplTest in 0.765 seconds (process running for 3.612)
2024-03-06T18:14:44.878+01:00  INFO 6456 --- [main] c.j.c.s.c.impl.ConsoleMenuImplTest       : Starting ConsoleMenuImplTest using Java 17.0.10 with PID 6456 (started by giorg in C:\Users\giorg\IdeaProjects\schoolspring\schoolspring)
2024-03-06T18:14:44.880+01:00  INFO 6456 --- [main] c.j.c.s.c.impl.ConsoleMenuImplTest       : The following 1 profile is active: "test"
2024-03-06T18:14:45.362+01:00  INFO 6456 --- [main] c.j.c.s.c.impl.ConsoleMenuImplTest       : Started ConsoleMenuImplTest in 0.898 seconds (process running for 3.287)
2024-03-06T18:16:40.228+01:00  INFO 4476 --- [main] c.j.c.s.c.impl.ConsoleMenuImplTest       : Starting ConsoleMenuImplTest using Java 17.0.10 with PID 4476 (started by giorg in C:\Users\giorg\IdeaProjects\schoolspring\schoolspring)
2024-03-06T18:16:40.231+01:00  INFO 4476 --- [main] c.j.c.s.c.impl.ConsoleMenuImplTest       : The following 1 profile is active: "test"
2024-03-06T18:16:40.652+01:00  INFO 4476 --- [main] c.j.c.s.c.impl.ConsoleMenuImplTest       : Started ConsoleMenuImplTest in 0.779 seconds (process running for 2.835)
2024-03-06T18:17:11.225+01:00  INFO 15228 --- [main] c.j.c.s.c.impl.ConsoleMenuImplTest       : Starting ConsoleMenuImplTest using Java 17.0.10 with PID 15228 (started by giorg in C:\Users\giorg\IdeaProjects\schoolspring\schoolspring)
2024-03-06T18:17:11.230+01:00  INFO 15228 --- [main] c.j.c.s.c.impl.ConsoleMenuImplTest       : The following 1 profile is active: "test"
2024-03-06T18:17:11.644+01:00  INFO 15228 --- [main] c.j.c.s.c.impl.ConsoleMenuImplTest       : Started ConsoleMenuImplTest in 0.967 seconds (process running for 3.078)
2024-03-06T18:18:32.409+01:00  INFO 5436 --- [main] c.java.course.schoolspring.SchoolSpring  : Starting SchoolSpring using Java 17.0.10 with PID 5436 (C:\Users\giorg\IdeaProjects\schoolspring\schoolspring\target\classes started by giorg in C:\Users\giorg\IdeaProjects\schoolspring\schoolspring)
2024-03-06T18:18:32.413+01:00  INFO 5436 --- [main] c.java.course.schoolspring.SchoolSpring  : No active profile set, falling back to 1 default profile: "default"
2024-03-06T18:18:33.420+01:00  INFO 5436 --- [main] com.zaxxer.hikari.HikariDataSource       : HikariPool-1 - Starting...
2024-03-06T18:18:33.770+01:00  INFO 5436 --- [main] com.zaxxer.hikari.pool.HikariPool        : HikariPool-1 - Added connection org.postgresql.jdbc.PgConnection@34acbc60
2024-03-06T18:18:33.772+01:00  INFO 5436 --- [main] com.zaxxer.hikari.HikariDataSource       : HikariPool-1 - Start completed.
2024-03-06T18:18:33.903+01:00  INFO 5436 --- [main] o.f.c.internal.license.VersionPrinter    : Flyway Community Edition 9.22.3 by Redgate
2024-03-06T18:18:33.903+01:00  INFO 5436 --- [main] o.f.c.internal.license.VersionPrinter    : See release notes here: https://rd.gt/416ObMi
2024-03-06T18:18:33.903+01:00  INFO 5436 --- [main] o.f.c.internal.license.VersionPrinter    : 
2024-03-06T18:18:33.929+01:00  INFO 5436 --- [main] org.flywaydb.core.FlywayExecutor         : Database: jdbc:postgresql://localhost:5432/postgres (PostgreSQL 16.1)
2024-03-06T18:18:33.938+01:00  WARN 5436 --- [main] o.f.c.internal.database.base.Database    : Flyway upgrade recommended: PostgreSQL 16.1 is newer than this version of Flyway and support has not been tested. The latest supported version of PostgreSQL is 15.
2024-03-06T18:18:34.041+01:00  INFO 5436 --- [main] o.f.core.internal.command.DbValidate     : Successfully validated 1 migration (execution time 00:00.051s)
2024-03-06T18:18:34.059+01:00  INFO 5436 --- [main] o.f.core.internal.command.DbMigrate      : Current version of schema "public": 1
2024-03-06T18:18:34.066+01:00  INFO 5436 --- [main] o.f.core.internal.command.DbMigrate      : Schema "public" is up to date. No migration necessary.
2024-03-06T18:18:34.475+01:00  INFO 5436 --- [main] c.java.course.schoolspring.SchoolSpring  : Started SchoolSpring in 2.487 seconds (process running for 3.066)
2024-03-06T18:20:18.857+01:00  INFO 5436 --- [SpringApplicationShutdownHook] com.zaxxer.hikari.HikariDataSource       : HikariPool-1 - Shutdown initiated...
2024-03-06T18:20:18.876+01:00  INFO 5436 --- [SpringApplicationShutdownHook] com.zaxxer.hikari.HikariDataSource       : HikariPool-1 - Shutdown completed.
2024-03-06T18:20:25.893+01:00  INFO 21556 --- [main] c.j.c.s.c.impl.ConsoleMenuImplTest       : Starting ConsoleMenuImplTest using Java 17.0.10 with PID 21556 (started by giorg in C:\Users\giorg\IdeaProjects\schoolspring\schoolspring)
2024-03-06T18:20:25.896+01:00  INFO 21556 --- [main] c.j.c.s.c.impl.ConsoleMenuImplTest       : The following 1 profile is active: "test"
2024-03-06T18:20:26.297+01:00  INFO 21556 --- [main] c.j.c.s.c.impl.ConsoleMenuImplTest       : Started ConsoleMenuImplTest in 0.768 seconds (process running for 2.983)
2024-03-06T18:26:45.420+01:00  INFO 20068 --- [main] c.j.c.s.c.impl.ConsoleMenuImplTest       : Starting ConsoleMenuImplTest using Java 17.0.10 with PID 20068 (started by giorg in C:\Users\giorg\IdeaProjects\schoolspring\schoolspring)
2024-03-06T18:26:45.423+01:00  INFO 20068 --- [main] c.j.c.s.c.impl.ConsoleMenuImplTest       : The following 1 profile is active: "test"
2024-03-06T18:26:45.861+01:00  INFO 20068 --- [main] c.j.c.s.c.impl.ConsoleMenuImplTest       : Started ConsoleMenuImplTest in 0.789 seconds (process running for 3.006)
2024-03-06T18:27:21.567+01:00  INFO 18028 --- [main] c.java.course.schoolspring.SchoolSpring  : Starting SchoolSpring using Java 17.0.10 with PID 18028 (C:\Users\giorg\IdeaProjects\schoolspring\schoolspring\target\classes started by giorg in C:\Users\giorg\IdeaProjects\schoolspring\schoolspring)
2024-03-06T18:27:21.571+01:00  INFO 18028 --- [main] c.java.course.schoolspring.SchoolSpring  : No active profile set, falling back to 1 default profile: "default"
2024-03-06T18:27:22.416+01:00  INFO 18028 --- [main] com.zaxxer.hikari.HikariDataSource       : HikariPool-1 - Starting...
2024-03-06T18:27:22.727+01:00  INFO 18028 --- [main] com.zaxxer.hikari.pool.HikariPool        : HikariPool-1 - Added connection org.postgresql.jdbc.PgConnection@1317b708
2024-03-06T18:27:22.729+01:00  INFO 18028 --- [main] com.zaxxer.hikari.HikariDataSource       : HikariPool-1 - Start completed.
2024-03-06T18:27:22.855+01:00  INFO 18028 --- [main] o.f.c.internal.license.VersionPrinter    : Flyway Community Edition 9.22.3 by Redgate
2024-03-06T18:27:22.855+01:00  INFO 18028 --- [main] o.f.c.internal.license.VersionPrinter    : See release notes here: https://rd.gt/416ObMi
2024-03-06T18:27:22.855+01:00  INFO 18028 --- [main] o.f.c.internal.license.VersionPrinter    : 
2024-03-06T18:27:22.913+01:00  INFO 18028 --- [main] org.flywaydb.core.FlywayExecutor         : Database: jdbc:postgresql://localhost:5432/postgres (PostgreSQL 16.1)
2024-03-06T18:27:22.928+01:00  WARN 18028 --- [main] o.f.c.internal.database.base.Database    : Flyway upgrade recommended: PostgreSQL 16.1 is newer than this version of Flyway and support has not been tested. The latest supported version of PostgreSQL is 15.
2024-03-06T18:27:23.027+01:00  INFO 18028 --- [main] o.f.core.internal.command.DbValidate     : Successfully validated 1 migration (execution time 00:00.067s)
2024-03-06T18:27:23.056+01:00  INFO 18028 --- [main] o.f.core.internal.command.DbMigrate      : Current version of schema "public": 1
2024-03-06T18:27:23.062+01:00  INFO 18028 --- [main] o.f.core.internal.command.DbMigrate      : Schema "public" is up to date. No migration necessary.
2024-03-06T18:27:23.589+01:00  INFO 18028 --- [main] c.java.course.schoolspring.SchoolSpring  : Started SchoolSpring in 2.424 seconds (process running for 2.951)
2024-03-06T18:30:57.375+01:00  INFO 18028 --- [SpringApplicationShutdownHook] com.zaxxer.hikari.HikariDataSource       : HikariPool-1 - Shutdown initiated...
2024-03-06T18:30:57.381+01:00  INFO 18028 --- [SpringApplicationShutdownHook] com.zaxxer.hikari.HikariDataSource       : HikariPool-1 - Shutdown completed.
2024-03-06T18:56:14.975+01:00  INFO 27300 --- [main] c.j.c.s.c.impl.ConsoleMenuImplTest       : Starting ConsoleMenuImplTest using Java 17.0.10 with PID 27300 (started by giorg in C:\Users\giorg\IdeaProjects\schoolspring\schoolspring)
2024-03-06T18:56:14.981+01:00  INFO 27300 --- [main] c.j.c.s.c.impl.ConsoleMenuImplTest       : The following 1 profile is active: "test"
2024-03-06T18:56:15.467+01:00  INFO 27300 --- [main] c.j.c.s.c.impl.ConsoleMenuImplTest       : Started ConsoleMenuImplTest in 0.811 seconds (process running for 3.065)
2024-03-06T18:57:01.755+01:00  INFO 11232 --- [main] c.j.c.s.c.impl.ConsoleMenuImplTest       : Starting ConsoleMenuImplTest using Java 17.0.10 with PID 11232 (started by giorg in C:\Users\giorg\IdeaProjects\schoolspring\schoolspring)
2024-03-06T18:57:01.758+01:00  INFO 11232 --- [main] c.j.c.s.c.impl.ConsoleMenuImplTest       : The following 1 profile is active: "test"
2024-03-06T18:57:02.156+01:00  INFO 11232 --- [main] c.j.c.s.c.impl.ConsoleMenuImplTest       : Started ConsoleMenuImplTest in 0.743 seconds (process running for 2.812)
2024-03-06T18:58:48.818+01:00  INFO 16780 --- [main] c.j.c.s.c.impl.ConsoleMenuImplTest       : Starting ConsoleMenuImplTest using Java 17.0.10 with PID 16780 (started by giorg in C:\Users\giorg\IdeaProjects\schoolspring\schoolspring)
2024-03-06T18:58:48.821+01:00  INFO 16780 --- [main] c.j.c.s.c.impl.ConsoleMenuImplTest       : The following 1 profile is active: "test"
2024-03-06T18:58:49.290+01:00  INFO 16780 --- [main] c.j.c.s.c.impl.ConsoleMenuImplTest       : Started ConsoleMenuImplTest in 0.943 seconds (process running for 3.238)
2024-03-06T18:59:19.232+01:00  INFO 26288 --- [main] c.j.c.s.c.impl.ConsoleMenuImplTest       : Starting ConsoleMenuImplTest using Java 17.0.10 with PID 26288 (started by giorg in C:\Users\giorg\IdeaProjects\schoolspring\schoolspring)
2024-03-06T18:59:19.235+01:00  INFO 26288 --- [main] c.j.c.s.c.impl.ConsoleMenuImplTest       : The following 1 profile is active: "test"
2024-03-06T18:59:19.682+01:00  INFO 26288 --- [main] c.j.c.s.c.impl.ConsoleMenuImplTest       : Started ConsoleMenuImplTest in 0.793 seconds (process running for 3.314)
2024-03-06T18:59:54.621+01:00  INFO 10276 --- [main] c.j.c.s.c.impl.ConsoleMenuImplTest       : Starting ConsoleMenuImplTest using Java 17.0.10 with PID 10276 (started by giorg in C:\Users\giorg\IdeaProjects\schoolspring\schoolspring)
2024-03-06T18:59:54.625+01:00  INFO 10276 --- [main] c.j.c.s.c.impl.ConsoleMenuImplTest       : The following 1 profile is active: "test"
2024-03-06T18:59:55.066+01:00  INFO 10276 --- [main] c.j.c.s.c.impl.ConsoleMenuImplTest       : Started ConsoleMenuImplTest in 0.865 seconds (process running for 2.969)
2024-03-06T19:01:10.702+01:00  INFO 27284 --- [main] c.j.c.s.c.impl.ConsoleMenuImplTest       : Starting ConsoleMenuImplTest using Java 17.0.10 with PID 27284 (started by giorg in C:\Users\giorg\IdeaProjects\schoolspring\schoolspring)
2024-03-06T19:01:10.705+01:00  INFO 27284 --- [main] c.j.c.s.c.impl.ConsoleMenuImplTest       : The following 1 profile is active: "test"
2024-03-06T19:01:11.067+01:00  INFO 27284 --- [main] c.j.c.s.c.impl.ConsoleMenuImplTest       : Started ConsoleMenuImplTest in 0.724 seconds (process running for 3.077)
2024-03-06T19:01:53.828+01:00  INFO 27084 --- [main] c.j.c.s.c.impl.ConsoleMenuImplTest       : Starting ConsoleMenuImplTest using Java 17.0.10 with PID 27084 (started by giorg in C:\Users\giorg\IdeaProjects\schoolspring\schoolspring)
2024-03-06T19:01:53.833+01:00  INFO 27084 --- [main] c.j.c.s.c.impl.ConsoleMenuImplTest       : The following 1 profile is active: "test"
2024-03-06T19:01:54.235+01:00  INFO 27084 --- [main] c.j.c.s.c.impl.ConsoleMenuImplTest       : Started ConsoleMenuImplTest in 0.757 seconds (process running for 2.927)
2024-03-06T19:03:35.084+01:00  INFO 8088 --- [main] c.j.c.s.c.impl.ConsoleMenuImplTest       : Starting ConsoleMenuImplTest using Java 17.0.10 with PID 8088 (started by giorg in C:\Users\giorg\IdeaProjects\schoolspring\schoolspring)
2024-03-06T19:03:35.090+01:00  INFO 8088 --- [main] c.j.c.s.c.impl.ConsoleMenuImplTest       : The following 1 profile is active: "test"
2024-03-06T19:03:35.521+01:00  INFO 8088 --- [main] c.j.c.s.c.impl.ConsoleMenuImplTest       : Started ConsoleMenuImplTest in 0.795 seconds (process running for 2.88)
2024-03-06T19:06:09.453+01:00  INFO 18680 --- [main] c.j.c.s.c.impl.ConsoleMenuImplTest       : Starting ConsoleMenuImplTest using Java 17.0.10 with PID 18680 (started by giorg in C:\Users\giorg\IdeaProjects\schoolspring\schoolspring)
2024-03-06T19:06:09.457+01:00  INFO 18680 --- [main] c.j.c.s.c.impl.ConsoleMenuImplTest       : The following 1 profile is active: "test"
2024-03-06T19:06:09.876+01:00  INFO 18680 --- [main] c.j.c.s.c.impl.ConsoleMenuImplTest       : Started ConsoleMenuImplTest in 0.791 seconds (process running for 3.04)
2024-03-06T19:07:12.806+01:00  INFO 6224 --- [main] c.j.c.s.c.impl.ConsoleMenuImplTest       : Starting ConsoleMenuImplTest using Java 17.0.10 with PID 6224 (started by giorg in C:\Users\giorg\IdeaProjects\schoolspring\schoolspring)
2024-03-06T19:07:12.810+01:00  INFO 6224 --- [main] c.j.c.s.c.impl.ConsoleMenuImplTest       : The following 1 profile is active: "test"
2024-03-06T19:07:13.243+01:00  INFO 6224 --- [main] c.j.c.s.c.impl.ConsoleMenuImplTest       : Started ConsoleMenuImplTest in 0.772 seconds (process running for 2.988)
2024-03-06T19:07:42.307+01:00  INFO 27344 --- [main] c.j.c.s.c.impl.ConsoleMenuImplTest       : Starting ConsoleMenuImplTest using Java 17.0.10 with PID 27344 (started by giorg in C:\Users\giorg\IdeaProjects\schoolspring\schoolspring)
2024-03-06T19:07:42.313+01:00  INFO 27344 --- [main] c.j.c.s.c.impl.ConsoleMenuImplTest       : The following 1 profile is active: "test"
2024-03-06T19:07:42.724+01:00  INFO 27344 --- [main] c.j.c.s.c.impl.ConsoleMenuImplTest       : Started ConsoleMenuImplTest in 0.756 seconds (process running for 2.805)
2024-03-06T19:08:05.540+01:00  INFO 19760 --- [main] c.j.c.s.c.impl.ConsoleMenuImplTest       : Starting ConsoleMenuImplTest using Java 17.0.10 with PID 19760 (started by giorg in C:\Users\giorg\IdeaProjects\schoolspring\schoolspring)
2024-03-06T19:08:05.543+01:00  INFO 19760 --- [main] c.j.c.s.c.impl.ConsoleMenuImplTest       : The following 1 profile is active: "test"
2024-03-06T19:08:05.985+01:00  INFO 19760 --- [main] c.j.c.s.c.impl.ConsoleMenuImplTest       : Started ConsoleMenuImplTest in 0.772 seconds (process running for 2.972)
2024-03-06T19:44:14.043+01:00  INFO 13128 --- [main] c.j.c.s.c.impl.ConsoleMenuImplTest       : Starting ConsoleMenuImplTest using Java 17.0.10 with PID 13128 (started by giorg in C:\Users\giorg\IdeaProjects\schoolspring\schoolspring)
2024-03-06T19:44:14.051+01:00  INFO 13128 --- [main] c.j.c.s.c.impl.ConsoleMenuImplTest       : The following 1 profile is active: "test"
2024-03-06T19:44:14.549+01:00  INFO 13128 --- [main] c.j.c.s.c.impl.ConsoleMenuImplTest       : Started ConsoleMenuImplTest in 0.93 seconds (process running for 3.372)
2024-03-06T19:44:57.637+01:00  INFO 21304 --- [main] c.j.c.s.c.impl.ConsoleMenuImplTest       : Starting ConsoleMenuImplTest using Java 17.0.10 with PID 21304 (started by giorg in C:\Users\giorg\IdeaProjects\schoolspring\schoolspring)
2024-03-06T19:44:57.642+01:00  INFO 21304 --- [main] c.j.c.s.c.impl.ConsoleMenuImplTest       : The following 1 profile is active: "test"
2024-03-06T19:44:58.226+01:00  INFO 21304 --- [main] c.j.c.s.c.impl.ConsoleMenuImplTest       : Started ConsoleMenuImplTest in 0.925 seconds (process running for 3.434)
2024-03-06T19:46:26.188+01:00  INFO 27292 --- [main] c.j.c.s.c.impl.ConsoleMenuImplTest       : Starting ConsoleMenuImplTest using Java 17.0.10 with PID 27292 (started by giorg in C:\Users\giorg\IdeaProjects\schoolspring\schoolspring)
2024-03-06T19:46:26.190+01:00  INFO 27292 --- [main] c.j.c.s.c.impl.ConsoleMenuImplTest       : The following 1 profile is active: "test"
2024-03-06T19:46:26.673+01:00  INFO 27292 --- [main] c.j.c.s.c.impl.ConsoleMenuImplTest       : Started ConsoleMenuImplTest in 0.814 seconds (process running for 2.932)
2024-03-06T19:47:01.612+01:00  INFO 25832 --- [main] c.j.c.s.c.impl.ConsoleMenuImplTest       : Starting ConsoleMenuImplTest using Java 17.0.10 with PID 25832 (started by giorg in C:\Users\giorg\IdeaProjects\schoolspring\schoolspring)
2024-03-06T19:47:01.616+01:00  INFO 25832 --- [main] c.j.c.s.c.impl.ConsoleMenuImplTest       : The following 1 profile is active: "test"
2024-03-06T19:47:02.053+01:00  INFO 25832 --- [main] c.j.c.s.c.impl.ConsoleMenuImplTest       : Started ConsoleMenuImplTest in 0.736 seconds (process running for 3.08)
2024-03-06T19:48:18.280+01:00  INFO 12768 --- [main] c.j.c.s.c.impl.ConsoleMenuImplTest       : Starting ConsoleMenuImplTest using Java 17.0.10 with PID 12768 (started by giorg in C:\Users\giorg\IdeaProjects\schoolspring\schoolspring)
2024-03-06T19:48:18.283+01:00  INFO 12768 --- [main] c.j.c.s.c.impl.ConsoleMenuImplTest       : The following 1 profile is active: "test"
2024-03-06T19:48:18.739+01:00  INFO 12768 --- [main] c.j.c.s.c.impl.ConsoleMenuImplTest       : Started ConsoleMenuImplTest in 0.8 seconds (process running for 3.041)
2024-03-06T19:50:21.252+01:00  INFO 8208 --- [main] c.j.c.s.c.impl.ConsoleMenuImplTest       : Starting ConsoleMenuImplTest using Java 17.0.10 with PID 8208 (started by giorg in C:\Users\giorg\IdeaProjects\schoolspring\schoolspring)
2024-03-06T19:50:21.255+01:00  INFO 8208 --- [main] c.j.c.s.c.impl.ConsoleMenuImplTest       : The following 1 profile is active: "test"
2024-03-06T19:50:21.716+01:00  INFO 8208 --- [main] c.j.c.s.c.impl.ConsoleMenuImplTest       : Started ConsoleMenuImplTest in 0.769 seconds (process running for 3.582)
2024-03-06T19:52:38.552+01:00  INFO 25400 --- [main] c.j.c.s.c.impl.ConsoleMenuImplTest       : Starting ConsoleMenuImplTest using Java 17.0.10 with PID 25400 (started by giorg in C:\Users\giorg\IdeaProjects\schoolspring\schoolspring)
2024-03-06T19:52:38.556+01:00  INFO 25400 --- [main] c.j.c.s.c.impl.ConsoleMenuImplTest       : The following 1 profile is active: "test"
2024-03-06T19:52:38.985+01:00  INFO 25400 --- [main] c.j.c.s.c.impl.ConsoleMenuImplTest       : Started ConsoleMenuImplTest in 0.765 seconds (process running for 3.293)
2024-03-07T17:46:01.796+01:00  INFO 21680 --- [main] c.j.c.s.c.impl.ConsoleMenuImplTest       : Starting ConsoleMenuImplTest using Java 17.0.10 with PID 21680 (started by giorg in C:\Users\giorg\IdeaProjects\schoolspring\schoolspring)
2024-03-07T17:46:01.801+01:00  INFO 21680 --- [main] c.j.c.s.c.impl.ConsoleMenuImplTest       : The following 1 profile is active: "test"
2024-03-07T17:46:02.294+01:00  INFO 21680 --- [main] c.j.c.s.c.impl.ConsoleMenuImplTest       : Started ConsoleMenuImplTest in 0.847 seconds (process running for 3.34)
2024-03-07T17:48:16.089+01:00  INFO 11712 --- [main] c.j.c.s.c.impl.ConsoleMenuImplTest       : Starting ConsoleMenuImplTest using Java 17.0.10 with PID 11712 (started by giorg in C:\Users\giorg\IdeaProjects\schoolspring\schoolspring)
2024-03-07T17:48:16.093+01:00  INFO 11712 --- [main] c.j.c.s.c.impl.ConsoleMenuImplTest       : The following 1 profile is active: "test"
2024-03-07T17:48:16.515+01:00  INFO 11712 --- [main] c.j.c.s.c.impl.ConsoleMenuImplTest       : Started ConsoleMenuImplTest in 0.767 seconds (process running for 3.036)
2024-03-07T17:49:25.063+01:00  INFO 17136 --- [main] c.j.c.s.c.impl.ConsoleMenuImplTest       : Starting ConsoleMenuImplTest using Java 17.0.10 with PID 17136 (started by giorg in C:\Users\giorg\IdeaProjects\schoolspring\schoolspring)
2024-03-07T17:49:25.066+01:00  INFO 17136 --- [main] c.j.c.s.c.impl.ConsoleMenuImplTest       : The following 1 profile is active: "test"
2024-03-07T17:49:25.521+01:00  INFO 17136 --- [main] c.j.c.s.c.impl.ConsoleMenuImplTest       : Started ConsoleMenuImplTest in 0.792 seconds (process running for 3.157)
2024-03-07T17:50:52.010+01:00  INFO 2036 --- [main] c.j.c.s.c.impl.ConsoleMenuImplTest       : Starting ConsoleMenuImplTest using Java 17.0.10 with PID 2036 (started by giorg in C:\Users\giorg\IdeaProjects\schoolspring\schoolspring)
2024-03-07T17:50:52.019+01:00  INFO 2036 --- [main] c.j.c.s.c.impl.ConsoleMenuImplTest       : The following 1 profile is active: "test"
2024-03-07T17:50:52.477+01:00  INFO 2036 --- [main] c.j.c.s.c.impl.ConsoleMenuImplTest       : Started ConsoleMenuImplTest in 0.837 seconds (process running for 3.082)
2024-03-07T17:53:03.890+01:00  INFO 16952 --- [main] c.j.c.s.c.impl.ConsoleMenuImplTest       : Starting ConsoleMenuImplTest using Java 17.0.10 with PID 16952 (started by giorg in C:\Users\giorg\IdeaProjects\schoolspring\schoolspring)
2024-03-07T17:53:03.894+01:00  INFO 16952 --- [main] c.j.c.s.c.impl.ConsoleMenuImplTest       : The following 1 profile is active: "test"
2024-03-07T17:53:04.338+01:00  INFO 16952 --- [main] c.j.c.s.c.impl.ConsoleMenuImplTest       : Started ConsoleMenuImplTest in 0.765 seconds (process running for 3.023)
2024-03-07T17:54:23.768+01:00  INFO 2188 --- [main] c.j.c.s.c.impl.ConsoleMenuImplTest       : Starting ConsoleMenuImplTest using Java 17.0.10 with PID 2188 (started by giorg in C:\Users\giorg\IdeaProjects\schoolspring\schoolspring)
2024-03-07T17:54:23.770+01:00  INFO 2188 --- [main] c.j.c.s.c.impl.ConsoleMenuImplTest       : The following 1 profile is active: "test"
2024-03-07T17:54:24.181+01:00  INFO 2188 --- [main] c.j.c.s.c.impl.ConsoleMenuImplTest       : Started ConsoleMenuImplTest in 0.745 seconds (process running for 2.938)
2024-03-07T17:57:40.538+01:00  INFO 11556 --- [main] c.java.course.schoolspring.SchoolSpring  : Starting SchoolSpring using Java 17.0.10 with PID 11556 (C:\Users\giorg\IdeaProjects\schoolspring\schoolspring\target\classes started by giorg in C:\Users\giorg\IdeaProjects\schoolspring\schoolspring)
2024-03-07T17:57:40.542+01:00  INFO 11556 --- [main] c.java.course.schoolspring.SchoolSpring  : No active profile set, falling back to 1 default profile: "default"
2024-03-07T17:57:41.604+01:00  INFO 11556 --- [main] com.zaxxer.hikari.HikariDataSource       : HikariPool-1 - Starting...
2024-03-07T17:57:41.964+01:00  INFO 11556 --- [main] com.zaxxer.hikari.pool.HikariPool        : HikariPool-1 - Added connection org.postgresql.jdbc.PgConnection@61c42416
2024-03-07T17:57:41.966+01:00  INFO 11556 --- [main] com.zaxxer.hikari.HikariDataSource       : HikariPool-1 - Start completed.
2024-03-07T17:57:42.064+01:00  INFO 11556 --- [main] o.f.c.internal.license.VersionPrinter    : Flyway Community Edition 9.22.3 by Redgate
2024-03-07T17:57:42.065+01:00  INFO 11556 --- [main] o.f.c.internal.license.VersionPrinter    : See release notes here: https://rd.gt/416ObMi
2024-03-07T17:57:42.065+01:00  INFO 11556 --- [main] o.f.c.internal.license.VersionPrinter    : 
2024-03-07T17:57:42.089+01:00  INFO 11556 --- [main] org.flywaydb.core.FlywayExecutor         : Database: jdbc:postgresql://localhost:5432/postgres (PostgreSQL 16.1)
2024-03-07T17:57:42.104+01:00  WARN 11556 --- [main] o.f.c.internal.database.base.Database    : Flyway upgrade recommended: PostgreSQL 16.1 is newer than this version of Flyway and support has not been tested. The latest supported version of PostgreSQL is 15.
2024-03-07T17:57:42.158+01:00  INFO 11556 --- [main] o.f.core.internal.command.DbValidate     : Successfully validated 1 migration (execution time 00:00.038s)
2024-03-07T17:57:42.175+01:00  INFO 11556 --- [main] o.f.core.internal.command.DbMigrate      : Current version of schema "public": 1
2024-03-07T17:57:42.183+01:00  INFO 11556 --- [main] o.f.core.internal.command.DbMigrate      : Schema "public" is up to date. No migration necessary.
2024-03-07T17:57:42.582+01:00  INFO 11556 --- [main] c.java.course.schoolspring.SchoolSpring  : Started SchoolSpring in 2.474 seconds (process running for 3.024)
2024-03-07T17:57:46.466+01:00  INFO 11556 --- [main] .s.b.a.l.ConditionEvaluationReportLogger : 

Error starting ApplicationContext. To display the condition evaluation report re-run your application with 'debug' enabled.
2024-03-07T17:57:46.493+01:00 ERROR 11556 --- [main] o.s.boot.SpringApplication               : Application run failed

java.lang.NumberFormatException: For input string: ""
	at java.base/java.lang.NumberFormatException.forInputString(NumberFormatException.java:67)
	at java.base/java.lang.Integer.parseInt(Integer.java:678)
	at java.base/java.lang.Integer.parseInt(Integer.java:786)
	at com.java.course.schoolspring.consolemenu.impl.DefaultConsoleImpl.nextInt(DefaultConsoleImpl.java:32)
	at com.java.course.schoolspring.consolemenu.impl.ConsoleMenuImpl.showMainMenu(ConsoleMenuImpl.java:39)
	at com.java.course.schoolspring.ConsoleMenuRunner.run(ConsoleMenuRunner.java:24)
	at org.springframework.boot.SpringApplication.lambda$callRunner$4(SpringApplication.java:786)
	at org.springframework.util.function.ThrowingConsumer$1.acceptWithException(ThrowingConsumer.java:83)
	at org.springframework.util.function.ThrowingConsumer.accept(ThrowingConsumer.java:60)
	at org.springframework.util.function.ThrowingConsumer$1.accept(ThrowingConsumer.java:88)
	at org.springframework.boot.SpringApplication.callRunner(SpringApplication.java:798)
	at org.springframework.boot.SpringApplication.callRunner(SpringApplication.java:786)
	at org.springframework.boot.SpringApplication.lambda$callRunners$3(SpringApplication.java:774)
	at java.base/java.util.stream.ForEachOps$ForEachOp$OfRef.accept(ForEachOps.java:183)
	at java.base/java.util.stream.SortedOps$SizedRefSortingSink.end(SortedOps.java:357)
	at java.base/java.util.stream.AbstractPipeline.copyInto(AbstractPipeline.java:510)
	at java.base/java.util.stream.AbstractPipeline.wrapAndCopyInto(AbstractPipeline.java:499)
	at java.base/java.util.stream.ForEachOps$ForEachOp.evaluateSequential(ForEachOps.java:150)
	at java.base/java.util.stream.ForEachOps$ForEachOp$OfRef.evaluateSequential(ForEachOps.java:173)
	at java.base/java.util.stream.AbstractPipeline.evaluate(AbstractPipeline.java:234)
	at java.base/java.util.stream.ReferencePipeline.forEach(ReferencePipeline.java:596)
	at org.springframework.boot.SpringApplication.callRunners(SpringApplication.java:774)
	at org.springframework.boot.SpringApplication.run(SpringApplication.java:341)
	at org.springframework.boot.SpringApplication.run(SpringApplication.java:1354)
	at org.springframework.boot.SpringApplication.run(SpringApplication.java:1343)
	at com.java.course.schoolspring.SchoolSpring.main(SchoolSpring.java:10)

2024-03-07T17:57:46.505+01:00  INFO 11556 --- [main] com.zaxxer.hikari.HikariDataSource       : HikariPool-1 - Shutdown initiated...
2024-03-07T17:57:46.509+01:00  INFO 11556 --- [main] com.zaxxer.hikari.HikariDataSource       : HikariPool-1 - Shutdown completed.
2024-03-07T17:57:53.067+01:00  INFO 14300 --- [main] c.java.course.schoolspring.SchoolSpring  : Starting SchoolSpring using Java 17.0.10 with PID 14300 (C:\Users\giorg\IdeaProjects\schoolspring\schoolspring\target\classes started by giorg in C:\Users\giorg\IdeaProjects\schoolspring\schoolspring)
2024-03-07T17:57:53.071+01:00  INFO 14300 --- [main] c.java.course.schoolspring.SchoolSpring  : No active profile set, falling back to 1 default profile: "default"
2024-03-07T17:57:53.948+01:00  INFO 14300 --- [main] com.zaxxer.hikari.HikariDataSource       : HikariPool-1 - Starting...
2024-03-07T17:57:54.242+01:00  INFO 14300 --- [main] com.zaxxer.hikari.pool.HikariPool        : HikariPool-1 - Added connection org.postgresql.jdbc.PgConnection@12c60152
2024-03-07T17:57:54.244+01:00  INFO 14300 --- [main] com.zaxxer.hikari.HikariDataSource       : HikariPool-1 - Start completed.
2024-03-07T17:57:54.327+01:00  INFO 14300 --- [main] o.f.c.internal.license.VersionPrinter    : Flyway Community Edition 9.22.3 by Redgate
2024-03-07T17:57:54.328+01:00  INFO 14300 --- [main] o.f.c.internal.license.VersionPrinter    : See release notes here: https://rd.gt/416ObMi
2024-03-07T17:57:54.328+01:00  INFO 14300 --- [main] o.f.c.internal.license.VersionPrinter    : 
2024-03-07T17:57:54.347+01:00  INFO 14300 --- [main] org.flywaydb.core.FlywayExecutor         : Database: jdbc:postgresql://localhost:5432/postgres (PostgreSQL 16.1)
2024-03-07T17:57:54.359+01:00  WARN 14300 --- [main] o.f.c.internal.database.base.Database    : Flyway upgrade recommended: PostgreSQL 16.1 is newer than this version of Flyway and support has not been tested. The latest supported version of PostgreSQL is 15.
2024-03-07T17:57:54.415+01:00  INFO 14300 --- [main] o.f.core.internal.command.DbValidate     : Successfully validated 1 migration (execution time 00:00.037s)
2024-03-07T17:57:54.432+01:00  INFO 14300 --- [main] o.f.core.internal.command.DbMigrate      : Current version of schema "public": 1
2024-03-07T17:57:54.437+01:00  INFO 14300 --- [main] o.f.core.internal.command.DbMigrate      : Schema "public" is up to date. No migration necessary.
2024-03-07T17:57:54.818+01:00  INFO 14300 --- [main] c.java.course.schoolspring.SchoolSpring  : Started SchoolSpring in 2.167 seconds (process running for 2.713)
2024-03-07T17:59:01.305+01:00  INFO 14300 --- [SpringApplicationShutdownHook] com.zaxxer.hikari.HikariDataSource       : HikariPool-1 - Shutdown initiated...
2024-03-07T17:59:01.320+01:00  INFO 14300 --- [SpringApplicationShutdownHook] com.zaxxer.hikari.HikariDataSource       : HikariPool-1 - Shutdown completed.
2024-03-07T18:00:04.886+01:00  INFO 20584 --- [main] c.j.c.s.c.impl.ConsoleMenuImplTest       : Starting ConsoleMenuImplTest using Java 17.0.10 with PID 20584 (started by giorg in C:\Users\giorg\IdeaProjects\schoolspring\schoolspring)
2024-03-07T18:00:04.889+01:00  INFO 20584 --- [main] c.j.c.s.c.impl.ConsoleMenuImplTest       : The following 1 profile is active: "test"
2024-03-07T18:00:05.306+01:00  INFO 20584 --- [main] c.j.c.s.c.impl.ConsoleMenuImplTest       : Started ConsoleMenuImplTest in 0.742 seconds (process running for 2.932)
2024-03-07T18:00:30.274+01:00  INFO 8508 --- [main] c.j.c.s.c.impl.ConsoleMenuImplTest       : Starting ConsoleMenuImplTest using Java 17.0.10 with PID 8508 (started by giorg in C:\Users\giorg\IdeaProjects\schoolspring\schoolspring)
2024-03-07T18:00:30.278+01:00  INFO 8508 --- [main] c.j.c.s.c.impl.ConsoleMenuImplTest       : The following 1 profile is active: "test"
2024-03-07T18:00:30.710+01:00  INFO 8508 --- [main] c.j.c.s.c.impl.ConsoleMenuImplTest       : Started ConsoleMenuImplTest in 0.794 seconds (process running for 3.118)
2024-03-07T18:01:49.263+01:00  INFO 8204 --- [main] c.j.c.s.c.impl.ConsoleMenuImplTest       : Starting ConsoleMenuImplTest using Java 17.0.10 with PID 8204 (started by giorg in C:\Users\giorg\IdeaProjects\schoolspring\schoolspring)
2024-03-07T18:01:49.266+01:00  INFO 8204 --- [main] c.j.c.s.c.impl.ConsoleMenuImplTest       : The following 1 profile is active: "test"
2024-03-07T18:01:49.819+01:00  INFO 8204 --- [main] c.j.c.s.c.impl.ConsoleMenuImplTest       : Started ConsoleMenuImplTest in 0.99 seconds (process running for 3.159)
2024-03-07T18:03:51.973+01:00  INFO 22864 --- [main] c.j.c.s.c.impl.ConsoleMenuImplTest       : Starting ConsoleMenuImplTest using Java 17.0.10 with PID 22864 (started by giorg in C:\Users\giorg\IdeaProjects\schoolspring\schoolspring)
2024-03-07T18:03:51.977+01:00  INFO 22864 --- [main] c.j.c.s.c.impl.ConsoleMenuImplTest       : The following 1 profile is active: "test"
2024-03-07T18:03:52.434+01:00  INFO 22864 --- [main] c.j.c.s.c.impl.ConsoleMenuImplTest       : Started ConsoleMenuImplTest in 0.787 seconds (process running for 3.128)
2024-03-07T18:05:16.189+01:00  INFO 19828 --- [main] c.j.c.s.c.impl.ConsoleMenuImplTest       : Starting ConsoleMenuImplTest using Java 17.0.10 with PID 19828 (started by giorg in C:\Users\giorg\IdeaProjects\schoolspring\schoolspring)
2024-03-07T18:05:16.192+01:00  INFO 19828 --- [main] c.j.c.s.c.impl.ConsoleMenuImplTest       : The following 1 profile is active: "test"
2024-03-07T18:05:16.607+01:00  INFO 19828 --- [main] c.j.c.s.c.impl.ConsoleMenuImplTest       : Started ConsoleMenuImplTest in 0.732 seconds (process running for 3.055)
2024-03-07T18:05:40.795+01:00  INFO 12884 --- [main] c.j.c.s.c.impl.ConsoleMenuImplTest       : Starting ConsoleMenuImplTest using Java 17.0.10 with PID 12884 (started by giorg in C:\Users\giorg\IdeaProjects\schoolspring\schoolspring)
2024-03-07T18:05:40.798+01:00  INFO 12884 --- [main] c.j.c.s.c.impl.ConsoleMenuImplTest       : The following 1 profile is active: "test"
2024-03-07T18:05:41.254+01:00  INFO 12884 --- [main] c.j.c.s.c.impl.ConsoleMenuImplTest       : Started ConsoleMenuImplTest in 0.766 seconds (process running for 2.96)
2024-03-07T18:06:39.106+01:00  INFO 11092 --- [main] c.j.c.s.c.impl.ConsoleMenuImplTest       : Starting ConsoleMenuImplTest using Java 17.0.10 with PID 11092 (started by giorg in C:\Users\giorg\IdeaProjects\schoolspring\schoolspring)
2024-03-07T18:06:39.109+01:00  INFO 11092 --- [main] c.j.c.s.c.impl.ConsoleMenuImplTest       : The following 1 profile is active: "test"
2024-03-07T18:06:39.699+01:00  INFO 11092 --- [main] c.j.c.s.c.impl.ConsoleMenuImplTest       : Started ConsoleMenuImplTest in 0.944 seconds (process running for 3.044)
2024-03-07T18:11:53.048+01:00  INFO 15464 --- [main] c.j.c.s.c.impl.ConsoleMenuImplTest       : Starting ConsoleMenuImplTest using Java 17.0.10 with PID 15464 (started by giorg in C:\Users\giorg\IdeaProjects\schoolspring\schoolspring)
2024-03-07T18:11:53.051+01:00  INFO 15464 --- [main] c.j.c.s.c.impl.ConsoleMenuImplTest       : The following 1 profile is active: "test"
2024-03-07T18:11:53.512+01:00  INFO 15464 --- [main] c.j.c.s.c.impl.ConsoleMenuImplTest       : Started ConsoleMenuImplTest in 0.787 seconds (process running for 3.058)
2024-03-07T18:13:34.285+01:00  INFO 20280 --- [main] c.j.c.s.c.impl.ConsoleMenuImplTest       : Starting ConsoleMenuImplTest using Java 17.0.10 with PID 20280 (started by giorg in C:\Users\giorg\IdeaProjects\schoolspring\schoolspring)
2024-03-07T18:13:34.288+01:00  INFO 20280 --- [main] c.j.c.s.c.impl.ConsoleMenuImplTest       : The following 1 profile is active: "test"
2024-03-07T18:13:34.772+01:00  INFO 20280 --- [main] c.j.c.s.c.impl.ConsoleMenuImplTest       : Started ConsoleMenuImplTest in 0.831 seconds (process running for 3.003)
2024-03-07T18:18:25.148+01:00  INFO 27016 --- [main] c.j.c.s.c.impl.ConsoleMenuImplTest       : Starting ConsoleMenuImplTest using Java 17.0.10 with PID 27016 (started by giorg in C:\Users\giorg\IdeaProjects\schoolspring\schoolspring)
2024-03-07T18:18:25.151+01:00  INFO 27016 --- [main] c.j.c.s.c.impl.ConsoleMenuImplTest       : The following 1 profile is active: "test"
2024-03-07T18:18:25.686+01:00  INFO 27016 --- [main] c.j.c.s.c.impl.ConsoleMenuImplTest       : Started ConsoleMenuImplTest in 0.863 seconds (process running for 3.099)
2024-03-07T18:20:52.212+01:00  INFO 21680 --- [main] c.j.c.s.c.impl.ConsoleMenuImplTest       : Starting ConsoleMenuImplTest using Java 17.0.10 with PID 21680 (started by giorg in C:\Users\giorg\IdeaProjects\schoolspring\schoolspring)
2024-03-07T18:20:52.216+01:00  INFO 21680 --- [main] c.j.c.s.c.impl.ConsoleMenuImplTest       : The following 1 profile is active: "test"
2024-03-07T18:20:52.649+01:00  INFO 21680 --- [main] c.j.c.s.c.impl.ConsoleMenuImplTest       : Started ConsoleMenuImplTest in 0.809 seconds (process running for 3.214)
2024-03-07T18:21:02.659+01:00  INFO 12100 --- [main] c.j.c.s.c.impl.ConsoleMenuImplTest       : Starting ConsoleMenuImplTest using Java 17.0.10 with PID 12100 (started by giorg in C:\Users\giorg\IdeaProjects\schoolspring\schoolspring)
2024-03-07T18:21:02.662+01:00  INFO 12100 --- [main] c.j.c.s.c.impl.ConsoleMenuImplTest       : The following 1 profile is active: "test"
2024-03-07T18:21:03.098+01:00  INFO 12100 --- [main] c.j.c.s.c.impl.ConsoleMenuImplTest       : Started ConsoleMenuImplTest in 0.829 seconds (process running for 3.083)
2024-03-07T18:21:36.252+01:00  INFO 24988 --- [main] c.j.c.s.c.impl.ConsoleMenuImplTest       : Starting ConsoleMenuImplTest using Java 17.0.10 with PID 24988 (started by giorg in C:\Users\giorg\IdeaProjects\schoolspring\schoolspring)
2024-03-07T18:21:36.256+01:00  INFO 24988 --- [main] c.j.c.s.c.impl.ConsoleMenuImplTest       : The following 1 profile is active: "test"
2024-03-07T18:21:36.691+01:00  INFO 24988 --- [main] c.j.c.s.c.impl.ConsoleMenuImplTest       : Started ConsoleMenuImplTest in 0.759 seconds (process running for 2.977)
2024-03-07T18:22:12.719+01:00  INFO 20576 --- [main] c.j.c.s.c.impl.ConsoleMenuImplTest       : Starting ConsoleMenuImplTest using Java 17.0.10 with PID 20576 (started by giorg in C:\Users\giorg\IdeaProjects\schoolspring\schoolspring)
2024-03-07T18:22:12.721+01:00  INFO 20576 --- [main] c.j.c.s.c.impl.ConsoleMenuImplTest       : The following 1 profile is active: "test"
2024-03-07T18:22:13.244+01:00  INFO 20576 --- [main] c.j.c.s.c.impl.ConsoleMenuImplTest       : Started ConsoleMenuImplTest in 0.867 seconds (process running for 3.071)
2024-03-07T18:41:41.500+01:00  INFO 1688 --- [main] c.j.c.s.c.impl.ConsoleMenuImplTest       : Starting ConsoleMenuImplTest using Java 17.0.10 with PID 1688 (started by giorg in C:\Users\giorg\IdeaProjects\schoolspring\schoolspring)
2024-03-07T18:41:41.505+01:00  INFO 1688 --- [main] c.j.c.s.c.impl.ConsoleMenuImplTest       : The following 1 profile is active: "test"
2024-03-07T18:41:41.943+01:00  INFO 1688 --- [main] c.j.c.s.c.impl.ConsoleMenuImplTest       : Started ConsoleMenuImplTest in 0.874 seconds (process running for 3.25)
2024-03-07T18:45:09.873+01:00  INFO 21928 --- [main] c.java.course.schooling.SchoolSpring  : Starting SchoolSpring using Java 17.0.10 with PID 21928 (C:\Users\giorg\IdeaProjects\schoolspring\schoolspring\target\classes started by giorg in C:\Users\giorg\IdeaProjects\schoolspring\schoolspring)
2024-03-07T18:45:09.877+01:00  INFO 21928 --- [main] c.java.course.schooling.SchoolSpring  : No active profile set, falling back to 1 default profile: "default"
2024-03-07T18:45:10.895+01:00  INFO 21928 --- [main] com.zaxxer.hikari.HikariDataSource       : HikariPool-1 - Starting...
2024-03-07T18:45:11.226+01:00  INFO 21928 --- [main] com.zaxxer.hikari.pool.HikariPool        : HikariPool-1 - Added connection org.postgresql.jdbc.PgConnection@27df0f3d
2024-03-07T18:45:11.228+01:00  INFO 21928 --- [main] com.zaxxer.hikari.HikariDataSource       : HikariPool-1 - Start completed.
2024-03-07T18:45:11.343+01:00  INFO 21928 --- [main] o.f.c.internal.license.VersionPrinter    : Flyway Community Edition 9.22.3 by Redgate
2024-03-07T18:45:11.344+01:00  INFO 21928 --- [main] o.f.c.internal.license.VersionPrinter    : See release notes here: https://rd.gt/416ObMi
2024-03-07T18:45:11.344+01:00  INFO 21928 --- [main] o.f.c.internal.license.VersionPrinter    : 
2024-03-07T18:45:11.369+01:00  INFO 21928 --- [main] org.flywaydb.core.FlywayExecutor         : Database: jdbc:postgresql://localhost:5432/postgres (PostgreSQL 16.1)
2024-03-07T18:45:11.380+01:00  WARN 21928 --- [main] o.f.c.internal.database.base.Database    : Flyway upgrade recommended: PostgreSQL 16.1 is newer than this version of Flyway and support has not been tested. The latest supported version of PostgreSQL is 15.
2024-03-07T18:45:11.449+01:00  INFO 21928 --- [main] o.f.core.internal.command.DbValidate     : Successfully validated 1 migration (execution time 00:00.049s)
2024-03-07T18:45:11.470+01:00  INFO 21928 --- [main] o.f.core.internal.command.DbMigrate      : Current version of schema "public": 1
2024-03-07T18:45:11.476+01:00  INFO 21928 --- [main] o.f.core.internal.command.DbMigrate      : Schema "public" is up to date. No migration necessary.
2024-03-07T18:45:11.907+01:00  INFO 21928 --- [main] c.java.course.schoolspring.SchoolSpring  : Started SchoolSpring in 2.481 seconds (process running for 3.056)
2024-03-07T18:50:36.678+01:00  INFO 25348 --- [main] c.j.c.s.c.impl.ConsoleMenuImplTest       : Starting ConsoleMenuImplTest using Java 17.0.10 with PID 25348 (started by giorg in C:\Users\giorg\IdeaProjects\schoolspring\schoolspring)
2024-03-07T18:50:36.681+01:00  INFO 25348 --- [main] c.j.c.s.c.impl.ConsoleMenuImplTest       : The following 1 profile is active: "test"
2024-03-07T18:50:37.101+01:00  INFO 25348 --- [main] c.j.c.s.c.impl.ConsoleMenuImplTest       : Started ConsoleMenuImplTest in 0.743 seconds (process running for 3.204)
2024-03-07T18:51:04.682+01:00  INFO 20032 --- [main] c.j.c.s.c.impl.ConsoleMenuImplTest       : Starting ConsoleMenuImplTest using Java 17.0.10 with PID 20032 (started by giorg in C:\Users\giorg\IdeaProjects\schoolspring\schoolspring)
2024-03-07T18:51:04.684+01:00  INFO 20032 --- [main] c.j.c.s.c.impl.ConsoleMenuImplTest       : The following 1 profile is active: "test"
2024-03-07T18:51:05.183+01:00  INFO 20032 --- [main] c.j.c.s.c.impl.ConsoleMenuImplTest       : Started ConsoleMenuImplTest in 0.821 seconds (process running for 2.83)
2024-03-07T18:51:33.913+01:00  INFO 27180 --- [main] c.j.c.s.c.impl.ConsoleMenuImplTest       : Starting ConsoleMenuImplTest using Java 17.0.10 with PID 27180 (started by giorg in C:\Users\giorg\IdeaProjects\schoolspring\schoolspring)
2024-03-07T18:51:33.915+01:00  INFO 27180 --- [main] c.j.c.s.c.impl.ConsoleMenuImplTest       : The following 1 profile is active: "test"
2024-03-07T18:51:34.401+01:00  INFO 27180 --- [main] c.j.c.s.c.impl.ConsoleMenuImplTest       : Started ConsoleMenuImplTest in 0.811 seconds (process running for 2.927)
2024-03-07T18:52:14.925+01:00  INFO 27156 --- [main] c.j.c.s.c.impl.ConsoleMenuImplTest       : Starting ConsoleMenuImplTest using Java 17.0.10 with PID 27156 (started by giorg in C:\Users\giorg\IdeaProjects\schoolspring\schoolspring)
2024-03-07T18:52:14.927+01:00  INFO 27156 --- [main] c.j.c.s.c.impl.ConsoleMenuImplTest       : The following 1 profile is active: "test"
2024-03-07T18:52:15.370+01:00  INFO 27156 --- [main] c.j.c.s.c.impl.ConsoleMenuImplTest       : Started ConsoleMenuImplTest in 0.775 seconds (process running for 3.199)
2024-03-07T18:55:24.550+01:00  INFO 21928 --- [SpringApplicationShutdownHook] com.zaxxer.hikari.HikariDataSource       : HikariPool-1 - Shutdown initiated...
2024-03-07T18:55:24.554+01:00  INFO 21928 --- [SpringApplicationShutdownHook] com.zaxxer.hikari.HikariDataSource       : HikariPool-1 - Shutdown completed.
2024-03-07T18:58:05.221+01:00  INFO 22328 --- [main] c.j.c.s.c.impl.ConsoleMenuImplTest       : Starting ConsoleMenuImplTest using Java 17.0.10 with PID 22328 (started by giorg in C:\Users\giorg\IdeaProjects\schoolspring\schoolspring)
2024-03-07T18:58:05.227+01:00  INFO 22328 --- [main] c.j.c.s.c.impl.ConsoleMenuImplTest       : The following 1 profile is active: "test"
2024-03-07T18:58:05.797+01:00  INFO 22328 --- [main] c.j.c.s.c.impl.ConsoleMenuImplTest       : Started ConsoleMenuImplTest in 0.932 seconds (process running for 3.202)
2024-03-07T18:59:56.657+01:00  INFO 348 --- [main] c.j.c.s.c.impl.ConsoleMenuImplTest       : Starting ConsoleMenuImplTest using Java 17.0.10 with PID 348 (started by giorg in C:\Users\giorg\IdeaProjects\schoolspring\schoolspring)
2024-03-07T18:59:56.661+01:00  INFO 348 --- [main] c.j.c.s.c.impl.ConsoleMenuImplTest       : The following 1 profile is active: "test"
2024-03-07T18:59:57.101+01:00  INFO 348 --- [main] c.j.c.s.c.impl.ConsoleMenuImplTest       : Started ConsoleMenuImplTest in 0.789 seconds (process running for 2.824)
2024-03-07T19:02:31.403+01:00  INFO 8832 --- [main] c.j.c.s.c.impl.ConsoleMenuImplTest       : Starting ConsoleMenuImplTest using Java 17.0.10 with PID 8832 (started by giorg in C:\Users\giorg\IdeaProjects\schoolspring\schoolspring)
2024-03-07T19:02:31.408+01:00  INFO 8832 --- [main] c.j.c.s.c.impl.ConsoleMenuImplTest       : The following 1 profile is active: "test"
2024-03-07T19:02:31.864+01:00  INFO 8832 --- [main] c.j.c.s.c.impl.ConsoleMenuImplTest       : Started ConsoleMenuImplTest in 0.817 seconds (process running for 3.212)
2024-03-07T19:02:50.200+01:00  INFO 10636 --- [main] c.j.c.s.c.impl.ConsoleMenuImplTest       : Starting ConsoleMenuImplTest using Java 17.0.10 with PID 10636 (started by giorg in C:\Users\giorg\IdeaProjects\schoolspring\schoolspring)
2024-03-07T19:02:50.202+01:00  INFO 10636 --- [main] c.j.c.s.c.impl.ConsoleMenuImplTest       : The following 1 profile is active: "test"
2024-03-07T19:02:50.660+01:00  INFO 10636 --- [main] c.j.c.s.c.impl.ConsoleMenuImplTest       : Started ConsoleMenuImplTest in 0.845 seconds (process running for 3.397)
2024-03-07T19:03:55.011+01:00  INFO 23960 --- [main] c.j.c.s.c.impl.ConsoleMenuImplTest       : Starting ConsoleMenuImplTest using Java 17.0.10 with PID 23960 (started by giorg in C:\Users\giorg\IdeaProjects\schoolspring\schoolspring)
2024-03-07T19:03:55.014+01:00  INFO 23960 --- [main] c.j.c.s.c.impl.ConsoleMenuImplTest       : The following 1 profile is active: "test"
2024-03-07T19:03:55.487+01:00  INFO 23960 --- [main] c.j.c.s.c.impl.ConsoleMenuImplTest       : Started ConsoleMenuImplTest in 0.874 seconds (process running for 3.391)
2024-03-07T19:04:40.896+01:00  INFO 17960 --- [main] c.j.c.s.c.impl.ConsoleMenuImplTest       : Starting ConsoleMenuImplTest using Java 17.0.10 with PID 17960 (started by giorg in C:\Users\giorg\IdeaProjects\schoolspring\schoolspring)
2024-03-07T19:04:40.899+01:00  INFO 17960 --- [main] c.j.c.s.c.impl.ConsoleMenuImplTest       : The following 1 profile is active: "test"
2024-03-07T19:04:41.321+01:00  INFO 17960 --- [main] c.j.c.s.c.impl.ConsoleMenuImplTest       : Started ConsoleMenuImplTest in 0.739 seconds (process running for 2.92)
2024-03-07T19:05:18.045+01:00  INFO 16060 --- [main] c.j.c.s.c.impl.ConsoleMenuImplTest       : Starting ConsoleMenuImplTest using Java 17.0.10 with PID 16060 (started by giorg in C:\Users\giorg\IdeaProjects\schoolspring\schoolspring)
2024-03-07T19:05:18.048+01:00  INFO 16060 --- [main] c.j.c.s.c.impl.ConsoleMenuImplTest       : The following 1 profile is active: "test"
2024-03-07T19:05:18.459+01:00  INFO 16060 --- [main] c.j.c.s.c.impl.ConsoleMenuImplTest       : Started ConsoleMenuImplTest in 0.78 seconds (process running for 2.976)
2024-03-07T19:11:53.261+01:00  INFO 21688 --- [main] c.j.c.s.c.impl.ConsoleMenuImplTest       : Starting ConsoleMenuImplTest using Java 17.0.10 with PID 21688 (started by giorg in C:\Users\giorg\IdeaProjects\schoolspring\schoolspring)
2024-03-07T19:11:53.265+01:00  INFO 21688 --- [main] c.j.c.s.c.impl.ConsoleMenuImplTest       : The following 1 profile is active: "test"
2024-03-07T19:11:53.749+01:00  INFO 21688 --- [main] c.j.c.s.c.impl.ConsoleMenuImplTest       : Started ConsoleMenuImplTest in 0.81 seconds (process running for 3.068)
2024-03-07T19:12:51.009+01:00  INFO 25852 --- [main] c.j.c.s.c.impl.ConsoleMenuImplTest       : Starting ConsoleMenuImplTest using Java 17.0.10 with PID 25852 (started by giorg in C:\Users\giorg\IdeaProjects\schoolspring\schoolspring)
2024-03-07T19:12:51.011+01:00  INFO 25852 --- [main] c.j.c.s.c.impl.ConsoleMenuImplTest       : The following 1 profile is active: "test"
2024-03-07T19:12:51.412+01:00  INFO 25852 --- [main] c.j.c.s.c.impl.ConsoleMenuImplTest       : Started ConsoleMenuImplTest in 0.733 seconds (process running for 2.893)
2024-03-07T19:13:09.734+01:00  INFO 23180 --- [main] c.j.c.s.c.impl.ConsoleMenuImplTest       : Starting ConsoleMenuImplTest using Java 17.0.10 with PID 23180 (started by giorg in C:\Users\giorg\IdeaProjects\schoolspring\schoolspring)
2024-03-07T19:13:09.737+01:00  INFO 23180 --- [main] c.j.c.s.c.impl.ConsoleMenuImplTest       : The following 1 profile is active: "test"
2024-03-07T19:13:10.212+01:00  INFO 23180 --- [main] c.j.c.s.c.impl.ConsoleMenuImplTest       : Started ConsoleMenuImplTest in 0.866 seconds (process running for 3.125)
2024-03-07T19:13:47.398+01:00  INFO 26620 --- [main] c.j.c.s.c.impl.ConsoleMenuImplTest       : Starting ConsoleMenuImplTest using Java 17.0.10 with PID 26620 (started by giorg in C:\Users\giorg\IdeaProjects\schoolspring\schoolspring)
2024-03-07T19:13:47.401+01:00  INFO 26620 --- [main] c.j.c.s.c.impl.ConsoleMenuImplTest       : The following 1 profile is active: "test"
2024-03-07T19:13:47.806+01:00  INFO 26620 --- [main] c.j.c.s.c.impl.ConsoleMenuImplTest       : Started ConsoleMenuImplTest in 0.776 seconds (process running for 2.95)
2024-03-07T19:13:58.026+01:00  INFO 17204 --- [main] c.j.c.s.c.impl.ConsoleMenuImplTest       : Starting ConsoleMenuImplTest using Java 17.0.10 with PID 17204 (started by giorg in C:\Users\giorg\IdeaProjects\schoolspring\schoolspring)
2024-03-07T19:13:58.029+01:00  INFO 17204 --- [main] c.j.c.s.c.impl.ConsoleMenuImplTest       : The following 1 profile is active: "test"
2024-03-07T19:13:58.497+01:00  INFO 17204 --- [main] c.j.c.s.c.impl.ConsoleMenuImplTest       : Started ConsoleMenuImplTest in 0.79 seconds (process running for 2.978)
2024-03-07T19:32:56.930+01:00  INFO 16672 --- [main] c.j.c.s.c.impl.ConsoleMenuImplTest       : Starting ConsoleMenuImplTest using Java 17.0.10 with PID 16672 (started by giorg in C:\Users\giorg\IdeaProjects\schoolspring\schoolspring)
2024-03-07T19:32:56.932+01:00  INFO 16672 --- [main] c.j.c.s.c.impl.ConsoleMenuImplTest       : The following 1 profile is active: "test"
2024-03-07T19:32:57.336+01:00  INFO 16672 --- [main] c.j.c.s.c.impl.ConsoleMenuImplTest       : Started ConsoleMenuImplTest in 0.735 seconds (process running for 2.828)
2024-03-07T19:33:57.270+01:00  INFO 17872 --- [main] c.j.c.s.c.impl.ConsoleMenuImplTest       : Starting ConsoleMenuImplTest using Java 17.0.10 with PID 17872 (started by giorg in C:\Users\giorg\IdeaProjects\schoolspring\schoolspring)
2024-03-07T19:33:57.274+01:00  INFO 17872 --- [main] c.j.c.s.c.impl.ConsoleMenuImplTest       : The following 1 profile is active: "test"
2024-03-07T19:33:57.726+01:00  INFO 17872 --- [main] c.j.c.s.c.impl.ConsoleMenuImplTest       : Started ConsoleMenuImplTest in 0.866 seconds (process running for 3.146)
2024-03-07T19:36:43.372+01:00  INFO 20032 --- [main] c.j.c.s.c.impl.ConsoleMenuImplTest       : Starting ConsoleMenuImplTest using Java 17.0.10 with PID 20032 (started by giorg in C:\Users\giorg\IdeaProjects\schoolspring\schoolspring)
2024-03-07T19:36:43.375+01:00  INFO 20032 --- [main] c.j.c.s.c.impl.ConsoleMenuImplTest       : The following 1 profile is active: "test"
2024-03-07T19:36:43.814+01:00  INFO 20032 --- [main] c.j.c.s.c.impl.ConsoleMenuImplTest       : Started ConsoleMenuImplTest in 0.759 seconds (process running for 2.957)
2024-03-07T19:38:51.658+01:00  INFO 16440 --- [main] c.j.c.s.c.impl.ConsoleMenuImplTest       : Starting ConsoleMenuImplTest using Java 17.0.10 with PID 16440 (started by giorg in C:\Users\giorg\IdeaProjects\schoolspring\schoolspring)
2024-03-07T19:38:51.663+01:00  INFO 16440 --- [main] c.j.c.s.c.impl.ConsoleMenuImplTest       : The following 1 profile is active: "test"
2024-03-07T19:38:52.099+01:00  INFO 16440 --- [main] c.j.c.s.c.impl.ConsoleMenuImplTest       : Started ConsoleMenuImplTest in 0.914 seconds (process running for 3.259)
2024-03-07T19:39:35.313+01:00  INFO 8508 --- [main] c.j.c.s.c.impl.ConsoleMenuImplTest       : Starting ConsoleMenuImplTest using Java 17.0.10 with PID 8508 (started by giorg in C:\Users\giorg\IdeaProjects\schoolspring\schoolspring)
2024-03-07T19:39:35.315+01:00  INFO 8508 --- [main] c.j.c.s.c.impl.ConsoleMenuImplTest       : The following 1 profile is active: "test"
2024-03-07T19:39:35.750+01:00  INFO 8508 --- [main] c.j.c.s.c.impl.ConsoleMenuImplTest       : Started ConsoleMenuImplTest in 0.799 seconds (process running for 3.315)
2024-03-07T19:40:12.412+01:00  INFO 17440 --- [main] c.j.c.s.c.impl.ConsoleMenuImplTest       : Starting ConsoleMenuImplTest using Java 17.0.10 with PID 17440 (started by giorg in C:\Users\giorg\IdeaProjects\schoolspring\schoolspring)
2024-03-07T19:40:12.416+01:00  INFO 17440 --- [main] c.j.c.s.c.impl.ConsoleMenuImplTest       : The following 1 profile is active: "test"
2024-03-07T19:40:12.870+01:00  INFO 17440 --- [main] c.j.c.s.c.impl.ConsoleMenuImplTest       : Started ConsoleMenuImplTest in 0.8 seconds (process running for 3.011)
2024-03-07T19:58:04.867+01:00  INFO 21376 --- [main] c.j.c.s.c.impl.ConsoleMenuImplTest       : Starting ConsoleMenuImplTest using Java 17.0.10 with PID 21376 (started by giorg in C:\Users\giorg\IdeaProjects\schoolspring\schoolspring)
2024-03-07T19:58:04.870+01:00  INFO 21376 --- [main] c.j.c.s.c.impl.ConsoleMenuImplTest       : The following 1 profile is active: "test"
2024-03-07T19:58:05.391+01:00  INFO 21376 --- [main] c.j.c.s.c.impl.ConsoleMenuImplTest       : Started ConsoleMenuImplTest in 0.947 seconds (process running for 3.266)
2024-03-07T20:01:21.193+01:00  INFO 27476 --- [main] c.j.c.s.c.impl.ConsoleMenuImplTest       : Starting ConsoleMenuImplTest using Java 17.0.10 with PID 27476 (started by giorg in C:\Users\giorg\IdeaProjects\schoolspring\schoolspring)
2024-03-07T20:01:21.196+01:00  INFO 27476 --- [main] c.j.c.s.c.impl.ConsoleMenuImplTest       : The following 1 profile is active: "test"
2024-03-07T20:01:21.659+01:00  INFO 27476 --- [main] c.j.c.s.c.impl.ConsoleMenuImplTest       : Started ConsoleMenuImplTest in 0.865 seconds (process running for 3.157)
2024-03-07T20:02:43.459+01:00  INFO 6116 --- [main] c.j.c.s.c.impl.ConsoleMenuImplTest       : Starting ConsoleMenuImplTest using Java 17.0.10 with PID 6116 (started by giorg in C:\Users\giorg\IdeaProjects\schoolspring\schoolspring)
2024-03-07T20:02:43.463+01:00  INFO 6116 --- [main] c.j.c.s.c.impl.ConsoleMenuImplTest       : The following 1 profile is active: "test"
2024-03-07T20:02:43.941+01:00  INFO 6116 --- [main] c.j.c.s.c.impl.ConsoleMenuImplTest       : Started ConsoleMenuImplTest in 0.796 seconds (process running for 2.974)
2024-03-11T17:02:28.002+01:00  INFO 28400 --- [main] c.j.c.s.c.impl.ConsoleMenuImplTest       : Starting ConsoleMenuImplTest using Java 17.0.10 with PID 28400 (started by giorg in C:\Users\giorg\IdeaProjects\schoolspring\schoolspring)
2024-03-11T17:02:28.005+01:00  INFO 28400 --- [main] c.j.c.s.c.impl.ConsoleMenuImplTest       : The following 1 profile is active: "test"
2024-03-11T17:02:28.450+01:00  INFO 28400 --- [main] c.j.c.s.c.impl.ConsoleMenuImplTest       : Started ConsoleMenuImplTest in 0.82 seconds (process running for 3.407)
2024-03-11T17:07:44.085+01:00  INFO 30628 --- [main] c.j.c.s.c.impl.ConsoleMenuImplTest       : Starting ConsoleMenuImplTest using Java 17.0.10 with PID 30628 (started by giorg in C:\Users\giorg\IdeaProjects\schoolspring\schoolspring)
2024-03-11T17:07:44.099+01:00  INFO 30628 --- [main] c.j.c.s.c.impl.ConsoleMenuImplTest       : The following 1 profile is active: "test"
2024-03-11T17:07:44.574+01:00  INFO 30628 --- [main] c.j.c.s.c.impl.ConsoleMenuImplTest       : Started ConsoleMenuImplTest in 0.877 seconds (process running for 3.354)
2024-03-11T17:10:44.269+01:00  INFO 31016 --- [main] c.j.c.s.c.impl.ConsoleMenuImplTest       : Starting ConsoleMenuImplTest using Java 17.0.10 with PID 31016 (started by giorg in C:\Users\giorg\IdeaProjects\schoolspring\schoolspring)
2024-03-11T17:10:44.271+01:00  INFO 31016 --- [main] c.j.c.s.c.impl.ConsoleMenuImplTest       : The following 1 profile is active: "test"
2024-03-11T17:10:44.742+01:00  INFO 31016 --- [main] c.j.c.s.c.impl.ConsoleMenuImplTest       : Started ConsoleMenuImplTest in 0.802 seconds (process running for 3.051)
2024-03-11T17:13:23.040+01:00  INFO 15804 --- [main] c.j.c.s.c.impl.ConsoleMenuImplTest       : Starting ConsoleMenuImplTest using Java 17.0.10 with PID 15804 (started by giorg in C:\Users\giorg\IdeaProjects\schoolspring\schoolspring)
2024-03-11T17:13:23.043+01:00  INFO 15804 --- [main] c.j.c.s.c.impl.ConsoleMenuImplTest       : The following 1 profile is active: "test"
2024-03-11T17:13:23.479+01:00  INFO 15804 --- [main] c.j.c.s.c.impl.ConsoleMenuImplTest       : Started ConsoleMenuImplTest in 0.765 seconds (process running for 3.205)
2024-03-11T17:21:00.691+01:00  INFO 10452 --- [main] c.j.c.s.c.impl.ConsoleMenuImplTest       : Starting ConsoleMenuImplTest using Java 17.0.10 with PID 10452 (started by giorg in C:\Users\giorg\IdeaProjects\schoolspring\schoolspring)
2024-03-11T17:21:00.693+01:00  INFO 10452 --- [main] c.j.c.s.c.impl.ConsoleMenuImplTest       : The following 1 profile is active: "test"
2024-03-11T17:21:01.142+01:00  INFO 10452 --- [main] c.j.c.s.c.impl.ConsoleMenuImplTest       : Started ConsoleMenuImplTest in 0.792 seconds (process running for 3.121)
2024-03-11T17:23:21.318+01:00  INFO 9608 --- [main] c.j.c.s.c.impl.ConsoleMenuImplTest       : Starting ConsoleMenuImplTest using Java 17.0.10 with PID 9608 (started by giorg in C:\Users\giorg\IdeaProjects\schoolspring\schoolspring)
2024-03-11T17:23:21.321+01:00  INFO 9608 --- [main] c.j.c.s.c.impl.ConsoleMenuImplTest       : The following 1 profile is active: "test"
2024-03-11T17:23:21.751+01:00  INFO 9608 --- [main] c.j.c.s.c.impl.ConsoleMenuImplTest       : Started ConsoleMenuImplTest in 0.765 seconds (process running for 3.218)
2024-03-11T17:23:55.673+01:00  INFO 15092 --- [main] c.j.c.s.c.impl.ConsoleMenuImplTest       : Starting ConsoleMenuImplTest using Java 17.0.10 with PID 15092 (started by giorg in C:\Users\giorg\IdeaProjects\schoolspring\schoolspring)
2024-03-11T17:23:55.676+01:00  INFO 15092 --- [main] c.j.c.s.c.impl.ConsoleMenuImplTest       : The following 1 profile is active: "test"
2024-03-11T17:23:56.098+01:00  INFO 15092 --- [main] c.j.c.s.c.impl.ConsoleMenuImplTest       : Started ConsoleMenuImplTest in 0.795 seconds (process running for 2.969)
2024-03-11T17:24:14.751+01:00  INFO 31676 --- [main] c.j.c.s.c.impl.ConsoleMenuImplTest       : Starting ConsoleMenuImplTest using Java 17.0.10 with PID 31676 (started by giorg in C:\Users\giorg\IdeaProjects\schoolspring\schoolspring)
2024-03-11T17:24:14.755+01:00  INFO 31676 --- [main] c.j.c.s.c.impl.ConsoleMenuImplTest       : The following 1 profile is active: "test"
2024-03-11T17:24:15.228+01:00  INFO 31676 --- [main] c.j.c.s.c.impl.ConsoleMenuImplTest       : Started ConsoleMenuImplTest in 0.824 seconds (process running for 3.117)
2024-03-11T17:30:08.850+01:00  INFO 21180 --- [main] c.j.c.s.c.impl.ConsoleMenuImplTest       : Starting ConsoleMenuImplTest using Java 17.0.10 with PID 21180 (started by giorg in C:\Users\giorg\IdeaProjects\schoolspring\schoolspring)
2024-03-11T17:30:08.852+01:00  INFO 21180 --- [main] c.j.c.s.c.impl.ConsoleMenuImplTest       : The following 1 profile is active: "test"
2024-03-11T17:30:09.265+01:00  INFO 21180 --- [main] c.j.c.s.c.impl.ConsoleMenuImplTest       : Started ConsoleMenuImplTest in 0.768 seconds (process running for 2.907)
2024-03-11T17:38:11.597+01:00  INFO 30792 --- [main] c.j.c.s.c.impl.ConsoleMenuImplTest       : Starting ConsoleMenuImplTest using Java 17.0.10 with PID 30792 (started by giorg in C:\Users\giorg\IdeaProjects\schoolspring\schoolspring)
2024-03-11T17:38:11.600+01:00  INFO 30792 --- [main] c.j.c.s.c.impl.ConsoleMenuImplTest       : The following 1 profile is active: "test"
2024-03-11T17:38:12.077+01:00  INFO 30792 --- [main] c.j.c.s.c.impl.ConsoleMenuImplTest       : Started ConsoleMenuImplTest in 0.829 seconds (process running for 2.996)
2024-03-11T17:38:33.514+01:00  INFO 25792 --- [main] c.j.c.s.c.impl.ConsoleMenuImplTest       : Starting ConsoleMenuImplTest using Java 17.0.10 with PID 25792 (started by giorg in C:\Users\giorg\IdeaProjects\schoolspring\schoolspring)
2024-03-11T17:38:33.517+01:00  INFO 25792 --- [main] c.j.c.s.c.impl.ConsoleMenuImplTest       : The following 1 profile is active: "test"
2024-03-11T17:38:33.998+01:00  INFO 25792 --- [main] c.j.c.s.c.impl.ConsoleMenuImplTest       : Started ConsoleMenuImplTest in 0.917 seconds (process running for 3.215)
2024-03-11T17:42:06.036+01:00  INFO 16404 --- [main] c.j.c.s.c.impl.ConsoleMenuImplTest       : Starting ConsoleMenuImplTest using Java 17.0.10 with PID 16404 (started by giorg in C:\Users\giorg\IdeaProjects\schoolspring\schoolspring)
2024-03-11T17:42:06.039+01:00  INFO 16404 --- [main] c.j.c.s.c.impl.ConsoleMenuImplTest       : The following 1 profile is active: "test"
2024-03-11T17:42:06.488+01:00  INFO 16404 --- [main] c.j.c.s.c.impl.ConsoleMenuImplTest       : Started ConsoleMenuImplTest in 0.84 seconds (process running for 3.139)
2024-03-11T17:43:23.561+01:00  INFO 15600 --- [main] c.j.c.s.c.impl.ConsoleMenuImplTest       : Starting ConsoleMenuImplTest using Java 17.0.10 with PID 15600 (started by giorg in C:\Users\giorg\IdeaProjects\schoolspring\schoolspring)
2024-03-11T17:43:23.564+01:00  INFO 15600 --- [main] c.j.c.s.c.impl.ConsoleMenuImplTest       : The following 1 profile is active: "test"
2024-03-11T17:43:24.005+01:00  INFO 15600 --- [main] c.j.c.s.c.impl.ConsoleMenuImplTest       : Started ConsoleMenuImplTest in 0.793 seconds (process running for 2.988)
2024-03-11T17:44:22.951+01:00  INFO 23856 --- [main] c.j.c.s.c.impl.ConsoleMenuImplTest       : Starting ConsoleMenuImplTest using Java 17.0.10 with PID 23856 (started by giorg in C:\Users\giorg\IdeaProjects\schoolspring\schoolspring)
2024-03-11T17:44:22.953+01:00  INFO 23856 --- [main] c.j.c.s.c.impl.ConsoleMenuImplTest       : The following 1 profile is active: "test"
2024-03-11T17:44:23.404+01:00  INFO 23856 --- [main] c.j.c.s.c.impl.ConsoleMenuImplTest       : Started ConsoleMenuImplTest in 0.782 seconds (process running for 3.057)
2024-03-12T18:13:55.547+01:00  INFO 5784 --- [main] c.java.course.schoolspring.SchoolSpring  : Starting SchoolSpring using Java 17.0.10 with PID 5784 (C:\Users\giorg\IdeaProjects\schoolspring\schoolspring\target\classes started by giorg in C:\Users\giorg\IdeaProjects\schoolspring\schoolspring)
2024-03-12T18:13:55.553+01:00  INFO 5784 --- [main] c.java.course.schoolspring.SchoolSpring  : No active profile set, falling back to 1 default profile: "default"
2024-03-12T18:13:56.590+01:00  INFO 5784 --- [main] com.zaxxer.hikari.HikariDataSource       : HikariPool-1 - Starting...
2024-03-12T18:13:57.027+01:00  INFO 5784 --- [main] com.zaxxer.hikari.pool.HikariPool        : HikariPool-1 - Added connection org.postgresql.jdbc.PgConnection@6438a7fe
2024-03-12T18:13:57.028+01:00  INFO 5784 --- [main] com.zaxxer.hikari.HikariDataSource       : HikariPool-1 - Start completed.
2024-03-12T18:13:57.146+01:00  INFO 5784 --- [main] o.f.c.internal.license.VersionPrinter    : Flyway Community Edition 9.22.3 by Redgate
2024-03-12T18:13:57.147+01:00  INFO 5784 --- [main] o.f.c.internal.license.VersionPrinter    : See release notes here: https://rd.gt/416ObMi
2024-03-12T18:13:57.147+01:00  INFO 5784 --- [main] o.f.c.internal.license.VersionPrinter    : 
2024-03-12T18:13:57.178+01:00  INFO 5784 --- [main] org.flywaydb.core.FlywayExecutor         : Database: jdbc:postgresql://localhost:5432/postgres (PostgreSQL 16.1)
2024-03-12T18:13:57.185+01:00  WARN 5784 --- [main] o.f.c.internal.database.base.Database    : Flyway upgrade recommended: PostgreSQL 16.1 is newer than this version of Flyway and support has not been tested. The latest supported version of PostgreSQL is 15.
2024-03-12T18:13:57.246+01:00  INFO 5784 --- [main] o.f.core.internal.command.DbValidate     : Successfully validated 1 migration (execution time 00:00.042s)
2024-03-12T18:13:57.256+01:00  INFO 5784 --- [main] o.f.core.internal.command.DbMigrate      : Current version of schema "public": 1
2024-03-12T18:13:57.259+01:00  INFO 5784 --- [main] o.f.core.internal.command.DbMigrate      : Schema "public" is up to date. No migration necessary.
2024-03-12T18:13:57.722+01:00  INFO 5784 --- [main] c.java.course.schoolspring.SchoolSpring  : Started SchoolSpring in 2.73 seconds (process running for 3.465)
2024-03-12T18:14:15.628+01:00  INFO 5784 --- [SpringApplicationShutdownHook] com.zaxxer.hikari.HikariDataSource       : HikariPool-1 - Shutdown initiated...
2024-03-12T18:14:15.635+01:00  INFO 5784 --- [SpringApplicationShutdownHook] com.zaxxer.hikari.HikariDataSource       : HikariPool-1 - Shutdown completed.
2024-05-12T17:41:38.128+02:00  INFO 31248 --- [main] c.java.course.schoolspring.SchoolSpring  : Starting SchoolSpring using Java 17.0.10 with PID 31248 (C:\Users\giorg\IdeaProjects\schoolscpringjdbc-hibernete\schoolspring-jdbc template\target\classes started by giorg in C:\Users\giorg\IdeaProjects\schoolscpringjdbc-hibernete\schoolspring-jdbc template)
2024-05-12T17:41:38.133+02:00  INFO 31248 --- [main] c.java.course.schoolspring.SchoolSpring  : No active profile set, falling back to 1 default profile: "default"
2024-05-12T17:41:39.428+02:00  INFO 31248 --- [main] com.zaxxer.hikari.HikariDataSource       : HikariPool-1 - Starting...
2024-05-12T17:41:39.855+02:00  INFO 31248 --- [main] com.zaxxer.hikari.pool.HikariPool        : HikariPool-1 - Added connection org.postgresql.jdbc.PgConnection@3e104d4b
2024-05-12T17:41:39.857+02:00  INFO 31248 --- [main] com.zaxxer.hikari.HikariDataSource       : HikariPool-1 - Start completed.
2024-05-12T17:41:40.002+02:00  INFO 31248 --- [main] o.f.c.internal.license.VersionPrinter    : Flyway Community Edition 9.22.3 by Redgate
2024-05-12T17:41:40.003+02:00  INFO 31248 --- [main] o.f.c.internal.license.VersionPrinter    : See release notes here: https://rd.gt/416ObMi
2024-05-12T17:41:40.003+02:00  INFO 31248 --- [main] o.f.c.internal.license.VersionPrinter    : 
2024-05-12T17:41:40.029+02:00  INFO 31248 --- [main] org.flywaydb.core.FlywayExecutor         : Database: jdbc:postgresql://localhost:5432/postgres (PostgreSQL 16.1)
2024-05-12T17:41:40.043+02:00  WARN 31248 --- [main] o.f.c.internal.database.base.Database    : Flyway upgrade recommended: PostgreSQL 16.1 is newer than this version of Flyway and support has not been tested. The latest supported version of PostgreSQL is 15.
2024-05-12T17:41:40.141+02:00  INFO 31248 --- [main] o.f.core.internal.command.DbValidate     : Successfully validated 1 migration (execution time 00:00.057s)
2024-05-12T17:41:40.165+02:00  INFO 31248 --- [main] o.f.core.internal.command.DbMigrate      : Current version of schema "public": 1
2024-05-12T17:41:40.173+02:00  INFO 31248 --- [main] o.f.core.internal.command.DbMigrate      : Schema "public" is up to date. No migration necessary.
2024-05-12T17:41:40.713+02:00  INFO 31248 --- [main] c.java.course.schoolspring.SchoolSpring  : Started SchoolSpring in 3.263 seconds (process running for 4.179)
2024-05-12T17:42:19.785+02:00  INFO 31248 --- [SpringApplicationShutdownHook] com.zaxxer.hikari.HikariDataSource       : HikariPool-1 - Shutdown initiated...
2024-05-12T17:42:19.812+02:00  INFO 31248 --- [SpringApplicationShutdownHook] com.zaxxer.hikari.HikariDataSource       : HikariPool-1 - Shutdown completed.
